<?xml version="1.0" encoding="UTF-8"?>
<!-- Generated by org.testng.reporters.JUnitReportReporter -->
<testsuite hostname="asaini.local" name="com.pilvo.MessageAPI.TestCases.MessageAPI_TC001" tests="1" failures="0" timestamp="26 Jan 2019 23:39:09 GMT" time="13.598" errors="0">
  <testcase name="TC001" time="13.598" classname="com.pilvo.MessageAPI.TestCases.MessageAPI_TC001"/>
</testsuite> <!-- com.pilvo.MessageAPI.TestCases.MessageAPI_TC001 -->
